{"/Users/dongind.oct/Documents/LESSER/PJT/frontend/src/apis/api/loginAPI.ts": {"path":"/Users/dongind.oct/Documents/LESSER/PJT/frontend/src/apis/api/loginAPI.ts","statementMap":{"0":{"start":{"line":1,"column":0},"end":{"line":1,"column":35}},"1":{"start":{"line":2,"column":0},"end":{"line":2,"column":48}},"2":{"start":{"line":4,"column":27},"end":{"line":7,"column":1}},"3":{"start":{"line":5,"column":19},"end":{"line":5,"column":63}},"4":{"start":{"line":6,"column":2},"end":{"line":6,"column":23}},"5":{"start":{"line":4,"column":13},"end":{"line":4,"column":27}}},"fnMap":{"0":{"name":"(anonymous_0)","decl":{"start":{"line":4,"column":27},"end":{"line":4,"column":32}},"loc":{"start":{"line":4,"column":38},"end":{"line":7,"column":1}}}},"branchMap":{},"s":{"0":1,"1":1,"2":1,"3":1,"4":1,"5":1},"f":{"0":1},"b":{}}
,"/Users/dongind.oct/Documents/LESSER/PJT/frontend/src/apis/utils/baseAPI.ts": {"path":"/Users/dongind.oct/Documents/LESSER/PJT/frontend/src/apis/utils/baseAPI.ts","statementMap":{"0":{"start":{"line":1,"column":0},"end":{"line":1,"column":26}},"1":{"start":{"line":2,"column":0},"end":{"line":2,"column":48}},"2":{"start":{"line":4,"column":16},"end":{"line":10,"column":2}},"3":{"start":{"line":12,"column":0},"end":{"line":12,"column":23}}},"fnMap":{},"branchMap":{},"s":{"0":1,"1":1,"2":1,"3":1},"f":{},"b":{}}
,"/Users/dongind.oct/Documents/LESSER/PJT/frontend/src/apis/utils/index.ts": {"path":"/Users/dongind.oct/Documents/LESSER/PJT/frontend/src/apis/utils/index.ts","statementMap":{"0":{"start":{"line":1,"column":0},"end":{"line":1,"column":9}},"1":{"start":{"line":1,"column":9},"end":{"line":1,"column":27}}},"fnMap":{"0":{"name":"(anonymous_1)","decl":{"start":{"line":1,"column":9},"end":{"line":1,"column":16}},"loc":{"start":{"line":1,"column":9},"end":{"line":1,"column":27}}}},"branchMap":{},"s":{"0":1,"1":2},"f":{"0":1},"b":{}}
,"/Users/dongind.oct/Documents/LESSER/PJT/frontend/src/constants/path.ts": {"path":"/Users/dongind.oct/Documents/LESSER/PJT/frontend/src/constants/path.ts","statementMap":{"0":{"start":{"line":1,"column":13},"end":{"line":1,"column":61}},"1":{"start":{"line":3,"column":13},"end":{"line":8,"column":2}}},"fnMap":{},"branchMap":{},"s":{"0":1,"1":1},"f":{},"b":{}}
,"/Users/dongind.oct/Documents/LESSER/PJT/frontend/src/hooks/common/dropdown/useDropdown.tsx": {"path":"/Users/dongind.oct/Documents/LESSER/PJT/frontend/src/hooks/common/dropdown/useDropdown.tsx","statementMap":{"0":{"start":{"line":1,"column":0},"end":{"line":1,"column":52}},"1":{"start":{"line":14,"column":20},"end":{"line":74,"column":1}},"2":{"start":{"line":15,"column":46},"end":{"line":15,"column":66}},"3":{"start":{"line":16,"column":26},"end":{"line":16,"column":50}},"4":{"start":{"line":17,"column":22},"end":{"line":17,"column":53}},"5":{"start":{"line":19,"column":19},"end":{"line":45,"column":null}},"6":{"start":{"line":24,"column":4},"end":{"line":44,"column":null}},"7":{"start":{"line":35,"column":12},"end":{"line":36,"column":null}},"8":{"start":{"line":37,"column":33},"end":{"line":37,"column":58}},"9":{"start":{"line":48,"column":28},"end":{"line":50,"column":3}},"10":{"start":{"line":49,"column":4},"end":{"line":49,"column":39}},"11":{"start":{"line":49,"column":27},"end":{"line":49,"column":37}},"12":{"start":{"line":52,"column":28},"end":{"line":55,"column":3}},"13":{"start":{"line":53,"column":4},"end":{"line":53,"column":30}},"14":{"start":{"line":54,"column":4},"end":{"line":54,"column":19}},"15":{"start":{"line":57,"column":29},"end":{"line":61,"column":3}},"16":{"start":{"line":58,"column":4},"end":{"line":60,"column":5}},"17":{"start":{"line":59,"column":6},"end":{"line":59,"column":21}},"18":{"start":{"line":63,"column":2},"end":{"line":71,"column":13}},"19":{"start":{"line":64,"column":4},"end":{"line":66,"column":5}},"20":{"start":{"line":65,"column":6},"end":{"line":65,"column":63}},"21":{"start":{"line":68,"column":4},"end":{"line":70,"column":6}},"22":{"start":{"line":69,"column":6},"end":{"line":69,"column":66}},"23":{"start":{"line":73,"column":2},"end":{"line":73,"column":38}},"24":{"start":{"line":76,"column":0},"end":{"line":76,"column":27}}},"fnMap":{"0":{"name":"(anonymous_0)","decl":{"start":{"line":14,"column":20},"end":{"line":14,"column":21}},"loc":{"start":{"line":14,"column":68},"end":{"line":74,"column":1}}},"1":{"name":"(anonymous_1)","decl":{"start":{"line":19,"column":19},"end":{"line":19,"column":20}},"loc":{"start":{"line":24,"column":4},"end":{"line":44,"column":null}}},"2":{"name":"(anonymous_2)","decl":{"start":{"line":34,"column":23},"end":{"line":34,"column":24}},"loc":{"start":{"line":35,"column":12},"end":{"line":36,"column":null}}},"3":{"name":"(anonymous_3)","decl":{"start":{"line":37,"column":27},"end":{"line":37,"column":30}},"loc":{"start":{"line":37,"column":33},"end":{"line":37,"column":58}}},"4":{"name":"(anonymous_4)","decl":{"start":{"line":48,"column":28},"end":{"line":48,"column":31}},"loc":{"start":{"line":48,"column":33},"end":{"line":50,"column":3}}},"5":{"name":"(anonymous_5)","decl":{"start":{"line":49,"column":12},"end":{"line":49,"column":13}},"loc":{"start":{"line":49,"column":27},"end":{"line":49,"column":37}}},"6":{"name":"(anonymous_6)","decl":{"start":{"line":52,"column":28},"end":{"line":52,"column":29}},"loc":{"start":{"line":52,"column":47},"end":{"line":55,"column":3}}},"7":{"name":"(anonymous_7)","decl":{"start":{"line":57,"column":29},"end":{"line":57,"column":30}},"loc":{"start":{"line":57,"column":56},"end":{"line":61,"column":3}}},"8":{"name":"(anonymous_8)","decl":{"start":{"line":63,"column":12},"end":{"line":63,"column":15}},"loc":{"start":{"line":63,"column":17},"end":{"line":71,"column":3}}},"9":{"name":"(anonymous_9)","decl":{"start":{"line":68,"column":11},"end":{"line":68,"column":14}},"loc":{"start":{"line":68,"column":16},"end":{"line":70,"column":5}}}},"branchMap":{"0":{"loc":{"start":{"line":20,"column":4},"end":{"line":20,"column":24}},"type":"default-arg","locations":[{"start":{"line":20,"column":22},"end":{"line":20,"column":24}}]},"1":{"loc":{"start":{"line":21,"column":4},"end":{"line":21,"column":27}},"type":"default-arg","locations":[{"start":{"line":21,"column":25},"end":{"line":21,"column":27}}]},"2":{"loc":{"start":{"line":22,"column":4},"end":{"line":22,"column":22}},"type":"default-arg","locations":[{"start":{"line":22,"column":20},"end":{"line":22,"column":22}}]},"3":{"loc":{"start":{"line":30,"column":9},"end":{"line":30,"column":38}},"type":"binary-expr","locations":[{"start":{"line":30,"column":9},"end":{"line":30,"column":23}},{"start":{"line":30,"column":27},"end":{"line":30,"column":38}}]},"4":{"loc":{"start":{"line":32,"column":7},"end":{"line":43,"column":null}},"type":"binary-expr","locations":[{"start":{"line":32,"column":7},"end":{"line":32,"column":11}},{"start":{"line":33,"column":8},"end":{"line":42,"column":null}}]},"5":{"loc":{"start":{"line":58,"column":4},"end":{"line":60,"column":5}},"type":"if","locations":[{"start":{"line":58,"column":4},"end":{"line":60,"column":5}}]},"6":{"loc":{"start":{"line":58,"column":8},"end":{"line":58,"column":76}},"type":"binary-expr","locations":[{"start":{"line":58,"column":8},"end":{"line":58,"column":27}},{"start":{"line":58,"column":31},"end":{"line":58,"column":76}}]},"7":{"loc":{"start":{"line":64,"column":4},"end":{"line":66,"column":5}},"type":"if","locations":[{"start":{"line":64,"column":4},"end":{"line":66,"column":5}}]}},"s":{"0":1,"1":1,"2":8,"3":8,"4":8,"5":8,"6":8,"7":9,"8":1,"9":8,"10":4,"11":4,"12":8,"13":1,"14":1,"15":8,"16":1,"17":1,"18":8,"19":8,"20":3,"21":8,"22":8,"23":8,"24":1},"f":{"0":8,"1":8,"2":9,"3":1,"4":4,"5":4,"6":1,"7":1,"8":8,"9":8},"b":{"0":[8],"1":[8],"2":[8],"3":[8,7],"4":[8,3],"5":[1],"6":[1,1],"7":[3]}}
,"/Users/dongind.oct/Documents/LESSER/PJT/frontend/src/hooks/common/modal/ModalProvider.tsx": {"path":"/Users/dongind.oct/Documents/LESSER/PJT/frontend/src/hooks/common/modal/ModalProvider.tsx","statementMap":{"0":{"start":{"line":1,"column":0},"end":{"line":1,"column":26}},"1":{"start":{"line":2,"column":0},"end":{"line":2,"column":null}},"2":{"start":{"line":15,"column":13},"end":{"line":18,"column":16}},"3":{"start":{"line":20,"column":29},"end":{"line":53,"column":1}},"4":{"start":{"line":21,"column":42},"end":{"line":22,"column":null}},"5":{"start":{"line":25,"column":16},"end":{"line":31,"column":8}},"6":{"start":{"line":26,"column":4},"end":{"line":30,"column":7}},"7":{"start":{"line":27,"column":21},"end":{"line":27,"column":42}},"8":{"start":{"line":28,"column":6},"end":{"line":28,"column":30}},"9":{"start":{"line":29,"column":6},"end":{"line":29,"column":20}},"10":{"start":{"line":33,"column":18},"end":{"line":39,"column":8}},"11":{"start":{"line":34,"column":4},"end":{"line":38,"column":7}},"12":{"start":{"line":35,"column":21},"end":{"line":35,"column":42}},"13":{"start":{"line":36,"column":6},"end":{"line":36,"column":24}},"14":{"start":{"line":37,"column":6},"end":{"line":37,"column":20}},"15":{"start":{"line":41,"column":18},"end":{"line":41,"column":71}},"16":{"start":{"line":41,"column":33},"end":{"line":41,"column":51}},"17":{"start":{"line":43,"column":2},"end":{"line":52,"column":4}},"18":{"start":{"line":48,"column":10},"end":{"line":48,"column":36}},"19":{"start":{"line":20,"column":13},"end":{"line":20,"column":29}}},"fnMap":{"0":{"name":"(anonymous_1)","decl":{"start":{"line":20,"column":29},"end":{"line":20,"column":30}},"loc":{"start":{"line":20,"column":66},"end":{"line":53,"column":1}}},"1":{"name":"(anonymous_2)","decl":{"start":{"line":25,"column":28},"end":{"line":25,"column":29}},"loc":{"start":{"line":25,"column":63},"end":{"line":31,"column":3}}},"2":{"name":"(anonymous_3)","decl":{"start":{"line":26,"column":20},"end":{"line":26,"column":21}},"loc":{"start":{"line":26,"column":37},"end":{"line":30,"column":5}}},"3":{"name":"(anonymous_4)","decl":{"start":{"line":33,"column":30},"end":{"line":33,"column":31}},"loc":{"start":{"line":33,"column":45},"end":{"line":39,"column":3}}},"4":{"name":"(anonymous_5)","decl":{"start":{"line":34,"column":20},"end":{"line":34,"column":21}},"loc":{"start":{"line":34,"column":37},"end":{"line":38,"column":5}}},"5":{"name":"(anonymous_6)","decl":{"start":{"line":41,"column":26},"end":{"line":41,"column":29}},"loc":{"start":{"line":41,"column":33},"end":{"line":41,"column":51}}},"6":{"name":"(anonymous_7)","decl":{"start":{"line":47,"column":41},"end":{"line":47,"column":42}},"loc":{"start":{"line":48,"column":10},"end":{"line":48,"column":36}}}},"branchMap":{},"s":{"0":1,"1":1,"2":1,"3":1,"4":5,"5":5,"6":2,"7":2,"8":2,"9":2,"10":5,"11":3,"12":1,"13":1,"14":1,"15":5,"16":2,"17":5,"18":2,"19":1},"f":{"0":5,"1":2,"2":2,"3":3,"4":1,"5":2,"6":2},"b":{}}
,"/Users/dongind.oct/Documents/LESSER/PJT/frontend/src/hooks/common/modal/useModal.tsx": {"path":"/Users/dongind.oct/Documents/LESSER/PJT/frontend/src/hooks/common/modal/useModal.tsx","statementMap":{"0":{"start":{"line":1,"column":0},"end":{"line":1,"column":76}},"1":{"start":{"line":2,"column":0},"end":{"line":2,"column":47}},"2":{"start":{"line":4,"column":16},"end":{"line":4,"column":17}},"3":{"start":{"line":6,"column":24},"end":{"line":38,"column":1}},"4":{"start":{"line":7,"column":15},"end":{"line":7,"column":50}},"5":{"start":{"line":7,"column":30},"end":{"line":7,"column":49}},"6":{"start":{"line":9,"column":18},"end":{"line":9,"column":42}},"7":{"start":{"line":11,"column":2},"end":{"line":15,"column":3}},"8":{"start":{"line":12,"column":4},"end":{"line":14,"column":6}},"9":{"start":{"line":17,"column":29},"end":{"line":17,"column":36}},"10":{"start":{"line":19,"column":2},"end":{"line":25,"column":20}},"11":{"start":{"line":20,"column":4},"end":{"line":24,"column":5}},"12":{"start":{"line":21,"column":6},"end":{"line":23,"column":8}},"13":{"start":{"line":22,"column":8},"end":{"line":22,"column":20}},"14":{"start":{"line":27,"column":2},"end":{"line":37,"column":4}},"15":{"start":{"line":28,"column":11},"end":{"line":35,"column":6}},"16":{"start":{"line":30,"column":8},"end":{"line":30,"column":32}},"17":{"start":{"line":33,"column":8},"end":{"line":33,"column":20}},"18":{"start":{"line":6,"column":13},"end":{"line":6,"column":24}}},"fnMap":{"0":{"name":"(anonymous_0)","decl":{"start":{"line":6,"column":24},"end":{"line":6,"column":25}},"loc":{"start":{"line":6,"column":48},"end":{"line":38,"column":1}}},"1":{"name":"(anonymous_1)","decl":{"start":{"line":7,"column":24},"end":{"line":7,"column":27}},"loc":{"start":{"line":7,"column":30},"end":{"line":7,"column":49}}},"2":{"name":"(anonymous_2)","decl":{"start":{"line":19,"column":12},"end":{"line":19,"column":15}},"loc":{"start":{"line":19,"column":17},"end":{"line":25,"column":3}}},"3":{"name":"(anonymous_3)","decl":{"start":{"line":21,"column":13},"end":{"line":21,"column":16}},"loc":{"start":{"line":21,"column":18},"end":{"line":23,"column":7}}},"4":{"name":"(anonymous_4)","decl":{"start":{"line":28,"column":4},"end":{"line":28,"column":7}},"loc":{"start":{"line":28,"column":11},"end":{"line":35,"column":6}}},"5":{"name":"(anonymous_5)","decl":{"start":{"line":29,"column":12},"end":{"line":29,"column":13}},"loc":{"start":{"line":29,"column":40},"end":{"line":31,"column":7}}},"6":{"name":"(anonymous_6)","decl":{"start":{"line":32,"column":13},"end":{"line":32,"column":16}},"loc":{"start":{"line":32,"column":18},"end":{"line":34,"column":7}}}},"branchMap":{"0":{"loc":{"start":{"line":6,"column":25},"end":{"line":6,"column":44}},"type":"default-arg","locations":[{"start":{"line":6,"column":40},"end":{"line":6,"column":44}}]},"1":{"loc":{"start":{"line":11,"column":2},"end":{"line":15,"column":3}},"type":"if","locations":[{"start":{"line":11,"column":2},"end":{"line":15,"column":3}}]},"2":{"loc":{"start":{"line":20,"column":4},"end":{"line":24,"column":5}},"type":"if","locations":[{"start":{"line":20,"column":4},"end":{"line":24,"column":5}}]}},"s":{"0":1,"1":1,"2":1,"3":1,"4":7,"5":6,"6":6,"7":6,"8":4,"9":2,"10":2,"11":2,"12":2,"13":2,"14":2,"15":2,"16":2,"17":1,"18":1},"f":{"0":7,"1":6,"2":2,"3":2,"4":2,"5":2,"6":1},"b":{"0":[7],"1":[4],"2":[2]}}
,"/Users/dongind.oct/Documents/LESSER/PJT/frontend/src/mocks/handlers.ts": {"path":"/Users/dongind.oct/Documents/LESSER/PJT/frontend/src/mocks/handlers.ts","statementMap":{"0":{"start":{"line":1,"column":0},"end":{"line":1,"column":27}},"1":{"start":{"line":2,"column":0},"end":{"line":2,"column":36}},"2":{"start":{"line":4,"column":13},"end":{"line":15,"column":2}},"3":{"start":{"line":6,"column":20},"end":{"line":6,"column":23}},"4":{"start":{"line":7,"column":4},"end":{"line":7,"column":12}},"5":{"start":{"line":8,"column":4},"end":{"line":8,"column":49}},"6":{"start":{"line":11,"column":20},"end":{"line":11,"column":24}},"7":{"start":{"line":12,"column":4},"end":{"line":12,"column":12}},"8":{"start":{"line":13,"column":4},"end":{"line":13,"column":52}}},"fnMap":{"0":{"name":"(anonymous_0)","decl":{"start":{"line":5,"column":41},"end":{"line":5,"column":42}},"loc":{"start":{"line":5,"column":59},"end":{"line":9,"column":3}}},"1":{"name":"(anonymous_1)","decl":{"start":{"line":10,"column":33},"end":{"line":10,"column":34}},"loc":{"start":{"line":10,"column":52},"end":{"line":14,"column":3}}}},"branchMap":{},"s":{"0":4,"1":4,"2":4,"3":1,"4":1,"5":1,"6":1,"7":1,"8":1},"f":{"0":1,"1":1},"b":{}}
,"/Users/dongind.oct/Documents/LESSER/PJT/frontend/src/mocks/node.ts": {"path":"/Users/dongind.oct/Documents/LESSER/PJT/frontend/src/mocks/node.ts","statementMap":{"0":{"start":{"line":1,"column":0},"end":{"line":1,"column":39}},"1":{"start":{"line":2,"column":0},"end":{"line":2,"column":38}},"2":{"start":{"line":4,"column":13},"end":{"line":4,"column":47}}},"fnMap":{},"branchMap":{},"s":{"0":4,"1":4,"2":4},"f":{},"b":{}}
,"/Users/dongind.oct/Documents/LESSER/PJT/frontend/src/mocks/responses/index.ts": {"path":"/Users/dongind.oct/Documents/LESSER/PJT/frontend/src/mocks/responses/index.ts","statementMap":{"0":{"start":{"line":1,"column":0},"end":{"line":1,"column":9}},"1":{"start":{"line":1,"column":9},"end":{"line":1,"column":25}}},"fnMap":{"0":{"name":"(anonymous_1)","decl":{"start":{"line":1,"column":9},"end":{"line":1,"column":16}},"loc":{"start":{"line":1,"column":9},"end":{"line":1,"column":25}}}},"branchMap":{},"s":{"0":4,"1":9},"f":{"0":5},"b":{}}
,"/Users/dongind.oct/Documents/LESSER/PJT/frontend/src/mocks/responses/login.ts": {"path":"/Users/dongind.oct/Documents/LESSER/PJT/frontend/src/mocks/responses/login.ts","statementMap":{"0":{"start":{"line":1,"column":14},"end":{"line":8,"column":2}},"1":{"start":{"line":10,"column":0},"end":{"line":10,"column":21}}},"fnMap":{},"branchMap":{},"s":{"0":4,"1":4},"f":{},"b":{}}
,"/Users/dongind.oct/Documents/LESSER/PJT/frontend/src/utils/sampleFunction.ts": {"path":"/Users/dongind.oct/Documents/LESSER/PJT/frontend/src/utils/sampleFunction.ts","statementMap":{"0":{"start":{"line":1,"column":30},"end":{"line":3,"column":1}},"1":{"start":{"line":2,"column":2},"end":{"line":2,"column":15}},"2":{"start":{"line":1,"column":13},"end":{"line":1,"column":30}}},"fnMap":{"0":{"name":"(anonymous_0)","decl":{"start":{"line":1,"column":30},"end":{"line":1,"column":31}},"loc":{"start":{"line":1,"column":55},"end":{"line":3,"column":1}}}},"branchMap":{},"s":{"0":1,"1":1,"2":1},"f":{"0":1},"b":{}}
}
