{"/Users/dongind.oct/Documents/LESSER/PJT/frontend/src/mocks/handlers.ts": {"path":"/Users/dongind.oct/Documents/LESSER/PJT/frontend/src/mocks/handlers.ts","statementMap":{"0":{"start":{"line":1,"column":0},"end":{"line":1,"column":41}},"1":{"start":{"line":3,"column":13},"end":{"line":7,"column":2}},"2":{"start":{"line":5,"column":4},"end":{"line":5,"column":53}}},"fnMap":{"0":{"name":"(anonymous_0)","decl":{"start":{"line":4,"column":41},"end":{"line":4,"column":44}},"loc":{"start":{"line":4,"column":46},"end":{"line":6,"column":3}}}},"branchMap":{},"s":{"0":1,"1":1,"2":1},"f":{"0":1},"b":{}}
,"/Users/dongind.oct/Documents/LESSER/PJT/frontend/src/mocks/node.ts": {"path":"/Users/dongind.oct/Documents/LESSER/PJT/frontend/src/mocks/node.ts","statementMap":{"0":{"start":{"line":1,"column":0},"end":{"line":1,"column":39}},"1":{"start":{"line":2,"column":0},"end":{"line":2,"column":38}},"2":{"start":{"line":4,"column":13},"end":{"line":4,"column":47}}},"fnMap":{},"branchMap":{},"s":{"0":1,"1":1,"2":1},"f":{},"b":{}}
,"/Users/dongind.oct/Documents/LESSER/PJT/frontend/src/utils/sampleFunction.ts": {"path":"/Users/dongind.oct/Documents/LESSER/PJT/frontend/src/utils/sampleFunction.ts","statementMap":{"0":{"start":{"line":1,"column":30},"end":{"line":3,"column":1}},"1":{"start":{"line":2,"column":2},"end":{"line":2,"column":15}},"2":{"start":{"line":1,"column":13},"end":{"line":1,"column":30}}},"fnMap":{"0":{"name":"(anonymous_0)","decl":{"start":{"line":1,"column":30},"end":{"line":1,"column":31}},"loc":{"start":{"line":1,"column":55},"end":{"line":3,"column":1}}}},"branchMap":{},"s":{"0":1,"1":1,"2":1},"f":{"0":1},"b":{}}
}
