TN:
SF:src/apis/api/loginAPI.ts
FN:12,(anonymous_0)
FN:17,(anonymous_1)
FNF:2
FNH:1
FNDA:1,(anonymous_0)
FNDA:0,(anonymous_1)
DA:1,1
DA:2,1
DA:9,1
DA:10,1
DA:12,1
DA:13,1
DA:14,1
DA:17,1
DA:18,0
DA:19,0
DA:20,0
DA:21,0
DA:22,0
DA:23,0
DA:24,0
DA:26,0
DA:27,0
DA:28,0
DA:29,0
LF:19
LH:8
BRDA:20,0,0,0
BRDA:26,1,0,0
BRF:2
BRH:0
end_of_record
TN:
SF:src/apis/utils/authAPI.ts
FN:7,(anonymous_1)
FN:19,(anonymous_2)
FN:28,(anonymous_3)
FN:33,(anonymous_4)
FN:52,(anonymous_5)
FNF:5
FNH:0
FNDA:0,(anonymous_1)
FNDA:0,(anonymous_2)
FNDA:0,(anonymous_3)
FNDA:0,(anonymous_4)
FNDA:0,(anonymous_5)
DA:1,1
DA:2,1
DA:7,1
DA:8,0
DA:11,1
DA:19,1
DA:20,0
DA:21,0
DA:23,0
DA:26,1
DA:28,1
DA:29,0
DA:30,0
DA:33,1
DA:34,0
DA:35,0
DA:37,0
DA:38,0
DA:39,0
DA:42,0
DA:43,0
DA:44,0
DA:46,0
DA:49,0
DA:52,1
DA:56,0
DA:58,0
DA:59,0
DA:60,0
DA:62,0
DA:66,1
DA:68,1
LF:32
LH:11
BRDA:20,0,0,0
BRDA:34,1,0,0
BRDA:34,2,0,0
BRDA:34,2,1,0
BRDA:37,3,0,0
BRDA:58,4,0,0
BRF:6
BRH:0
end_of_record
TN:
SF:src/apis/utils/baseAPI.ts
FNF:0
FNH:0
DA:1,1
DA:2,1
DA:4,1
DA:12,1
LF:4
LH:4
BRF:0
BRH:0
end_of_record
TN:
SF:src/apis/utils/index.ts
FN:1,(anonymous_1)
FNF:1
FNH:1
FNDA:1,(anonymous_1)
DA:1,2
LF:1
LH:1
BRF:0
BRH:0
end_of_record
TN:
SF:src/constants/path.ts
FNF:0
FNH:0
DA:1,1
DA:3,1
DA:11,1
LF:3
LH:3
BRF:0
BRH:0
end_of_record
TN:
SF:src/hooks/common/dropdown/useDropdown.tsx
FN:14,(anonymous_0)
FN:19,(anonymous_1)
FN:34,(anonymous_2)
FN:37,(anonymous_3)
FN:48,(anonymous_4)
FN:49,(anonymous_5)
FN:52,(anonymous_6)
FN:57,(anonymous_7)
FN:63,(anonymous_8)
FN:68,(anonymous_9)
FNF:10
FNH:10
FNDA:8,(anonymous_0)
FNDA:8,(anonymous_1)
FNDA:9,(anonymous_2)
FNDA:1,(anonymous_3)
FNDA:4,(anonymous_4)
FNDA:4,(anonymous_5)
FNDA:1,(anonymous_6)
FNDA:1,(anonymous_7)
FNDA:8,(anonymous_8)
FNDA:8,(anonymous_9)
DA:1,1
DA:14,1
DA:15,8
DA:16,8
DA:17,8
DA:19,8
DA:24,8
DA:35,9
DA:37,1
DA:48,8
DA:49,4
DA:52,8
DA:53,1
DA:54,1
DA:57,8
DA:58,1
DA:59,1
DA:63,8
DA:64,8
DA:65,3
DA:68,8
DA:69,8
DA:73,8
DA:76,1
LF:24
LH:24
BRDA:20,0,0,8
BRDA:21,1,0,8
BRDA:22,2,0,8
BRDA:30,3,0,8
BRDA:30,3,1,7
BRDA:32,4,0,8
BRDA:32,4,1,3
BRDA:58,5,0,1
BRDA:58,6,0,1
BRDA:58,6,1,1
BRDA:64,7,0,3
BRF:11
BRH:11
end_of_record
TN:
SF:src/hooks/common/modal/ModalProvider.tsx
FN:20,(anonymous_1)
FN:25,(anonymous_2)
FN:26,(anonymous_3)
FN:33,(anonymous_4)
FN:34,(anonymous_5)
FN:41,(anonymous_6)
FN:47,(anonymous_7)
FNF:7
FNH:7
FNDA:5,(anonymous_1)
FNDA:2,(anonymous_2)
FNDA:2,(anonymous_3)
FNDA:3,(anonymous_4)
FNDA:1,(anonymous_5)
FNDA:2,(anonymous_6)
FNDA:2,(anonymous_7)
DA:1,1
DA:2,1
DA:15,1
DA:20,1
DA:21,5
DA:25,5
DA:26,2
DA:27,2
DA:28,2
DA:29,2
DA:33,5
DA:34,3
DA:35,1
DA:36,1
DA:37,1
DA:41,5
DA:43,5
DA:48,2
LF:18
LH:18
BRF:0
BRH:0
end_of_record
TN:
SF:src/hooks/common/modal/useModal.tsx
FN:6,(anonymous_0)
FN:7,(anonymous_1)
FN:19,(anonymous_2)
FN:21,(anonymous_3)
FN:28,(anonymous_4)
FN:29,(anonymous_5)
FN:32,(anonymous_6)
FNF:7
FNH:7
FNDA:7,(anonymous_0)
FNDA:6,(anonymous_1)
FNDA:2,(anonymous_2)
FNDA:2,(anonymous_3)
FNDA:2,(anonymous_4)
FNDA:2,(anonymous_5)
FNDA:1,(anonymous_6)
DA:1,1
DA:2,1
DA:4,1
DA:6,1
DA:7,7
DA:9,6
DA:11,6
DA:12,4
DA:17,2
DA:19,2
DA:20,2
DA:21,2
DA:22,2
DA:27,2
DA:28,2
DA:30,2
DA:33,1
LF:17
LH:17
BRDA:6,0,0,7
BRDA:11,1,0,4
BRDA:20,2,0,2
BRF:3
BRH:3
end_of_record
TN:
SF:src/mocks/handlers.ts
FN:4,(anonymous_0)
FNF:1
FNH:0
FNDA:0,(anonymous_0)
DA:1,3
DA:3,3
DA:5,0
DA:6,0
DA:7,0
LF:5
LH:2
BRF:0
BRH:0
end_of_record
TN:
SF:src/mocks/node.ts
FNF:0
FNH:0
DA:1,3
DA:2,3
DA:4,3
LF:3
LH:3
BRF:0
BRH:0
end_of_record
