TN:
SF:src/common/dropdown/useDropdown.tsx
FN:14,(anonymous_0)
FN:19,(anonymous_1)
FN:34,(anonymous_2)
FN:37,(anonymous_3)
FN:48,(anonymous_4)
FN:49,(anonymous_5)
FN:52,(anonymous_6)
FN:57,(anonymous_7)
FN:63,(anonymous_8)
FN:68,(anonymous_9)
FNF:10
FNH:10
FNDA:8,(anonymous_0)
FNDA:8,(anonymous_1)
FNDA:9,(anonymous_2)
FNDA:1,(anonymous_3)
FNDA:4,(anonymous_4)
FNDA:4,(anonymous_5)
FNDA:1,(anonymous_6)
FNDA:1,(anonymous_7)
FNDA:8,(anonymous_8)
FNDA:8,(anonymous_9)
DA:1,1
DA:14,1
DA:15,8
DA:16,8
DA:17,8
DA:19,8
DA:24,8
DA:35,9
DA:37,1
DA:48,8
DA:49,4
DA:52,8
DA:53,1
DA:54,1
DA:57,8
DA:58,1
DA:59,1
DA:63,8
DA:64,8
DA:65,3
DA:68,8
DA:69,8
DA:73,8
DA:76,1
LF:24
LH:24
BRDA:20,0,0,8
BRDA:21,1,0,8
BRDA:22,2,0,8
BRDA:30,3,0,8
BRDA:30,3,1,7
BRDA:32,4,0,8
BRDA:32,4,1,3
BRDA:58,5,0,1
BRDA:58,6,0,1
BRDA:58,6,1,1
BRDA:64,7,0,3
BRF:11
BRH:11
end_of_record
TN:
SF:src/mocks/handlers.ts
FN:4,(anonymous_0)
FNF:1
FNH:1
FNDA:1,(anonymous_0)
DA:1,2
DA:3,2
DA:5,1
DA:6,1
DA:7,1
LF:5
LH:5
BRF:0
BRH:0
end_of_record
TN:
SF:src/mocks/node.ts
FNF:0
FNH:0
DA:1,2
DA:2,2
DA:4,2
LF:3
LH:3
BRF:0
BRH:0
end_of_record
TN:
SF:src/utils/sampleFunction.ts
FN:1,(anonymous_0)
FNF:1
FNH:1
FNDA:1,(anonymous_0)
DA:1,1
DA:2,1
LF:2
LH:2
BRF:0
BRH:0
end_of_record
